Jul 27, 2023 7:40:52 AM org.apache.catalina.startup.VersionLoggerListener log
INFO: Server version name:   Apache Tomcat/7.0.105
Jul 27, 2023 7:40:52 AM org.apache.catalina.startup.VersionLoggerListener log
INFO: Server built:          Jul 2 2020 12:25:26 UTC
Jul 27, 2023 7:40:52 AM org.apache.catalina.startup.VersionLoggerListener log
INFO: Server version number: 7.0.105.0
Jul 27, 2023 7:40:52 AM org.apache.catalina.startup.VersionLoggerListener log
INFO: OS Name:               Linux
Jul 27, 2023 7:40:52 AM org.apache.catalina.startup.VersionLoggerListener log
INFO: OS Version:            5.19.0-1029-aws
Jul 27, 2023 7:40:52 AM org.apache.catalina.startup.VersionLoggerListener log
INFO: Architecture:          amd64
Jul 27, 2023 7:40:52 AM org.apache.catalina.startup.VersionLoggerListener log
INFO: Java Home:             /usr/lib/jvm/java-11-openjdk-amd64
Jul 27, 2023 7:40:52 AM org.apache.catalina.startup.VersionLoggerListener log
INFO: JVM Version:           11.0.19+7-post-Ubuntu-0ubuntu122.04.1
Jul 27, 2023 7:40:52 AM org.apache.catalina.startup.VersionLoggerListener log
INFO: JVM Vendor:            Ubuntu
Jul 27, 2023 7:40:52 AM org.apache.catalina.startup.VersionLoggerListener log
INFO: CATALINA_BASE:         /home/ubuntu/mavenweb/tomcat7
Jul 27, 2023 7:40:52 AM org.apache.catalina.startup.VersionLoggerListener log
INFO: CATALINA_HOME:         /home/ubuntu/mavenweb/tomcat7
Jul 27, 2023 7:40:52 AM org.apache.catalina.startup.VersionLoggerListener log
INFO: Command line argument: --add-opens=java.base/java.lang=ALL-UNNAMED
Jul 27, 2023 7:40:52 AM org.apache.catalina.startup.VersionLoggerListener log
INFO: Command line argument: --add-opens=java.base/java.io=ALL-UNNAMED
Jul 27, 2023 7:40:52 AM org.apache.catalina.startup.VersionLoggerListener log
INFO: Command line argument: --add-opens=java.rmi/sun.rmi.transport=ALL-UNNAMED
Jul 27, 2023 7:40:52 AM org.apache.catalina.startup.VersionLoggerListener log
INFO: Command line argument: -Djava.util.logging.config.file=/home/ubuntu/mavenweb/tomcat7/conf/logging.properties
Jul 27, 2023 7:40:52 AM org.apache.catalina.startup.VersionLoggerListener log
INFO: Command line argument: -Djava.util.logging.manager=org.apache.juli.ClassLoaderLogManager
Jul 27, 2023 7:40:52 AM org.apache.catalina.startup.VersionLoggerListener log
INFO: Command line argument: -Djdk.tls.ephemeralDHKeySize=2048
Jul 27, 2023 7:40:52 AM org.apache.catalina.startup.VersionLoggerListener log
INFO: Command line argument: -Dorg.apache.catalina.security.SecurityListener.UMASK=0027
Jul 27, 2023 7:40:52 AM org.apache.catalina.startup.VersionLoggerListener log
INFO: Command line argument: -Dignore.endorsed.dirs=
Jul 27, 2023 7:40:52 AM org.apache.catalina.startup.VersionLoggerListener log
INFO: Command line argument: -Dcatalina.base=/home/ubuntu/mavenweb/tomcat7
Jul 27, 2023 7:40:52 AM org.apache.catalina.startup.VersionLoggerListener log
INFO: Command line argument: -Dcatalina.home=/home/ubuntu/mavenweb/tomcat7
Jul 27, 2023 7:40:52 AM org.apache.catalina.startup.VersionLoggerListener log
INFO: Command line argument: -Djava.io.tmpdir=/home/ubuntu/mavenweb/tomcat7/temp
Jul 27, 2023 7:40:52 AM org.apache.catalina.core.AprLifecycleListener lifecycleEvent
INFO: The Apache Tomcat Native library which allows using OpenSSL was not found on the java.library.path: [/usr/java/packages/lib:/usr/lib/x86_64-linux-gnu/jni:/lib/x86_64-linux-gnu:/usr/lib/x86_64-linux-gnu:/usr/lib/jni:/lib:/usr/lib]
Jul 27, 2023 7:40:52 AM org.apache.coyote.AbstractProtocol init
INFO: Initializing ProtocolHandler ["http-bio-6677"]
Jul 27, 2023 7:40:52 AM org.apache.catalina.startup.Catalina load
INFO: Initialization processed in 2070 ms
Jul 27, 2023 7:40:52 AM org.apache.catalina.core.StandardService startInternal
INFO: Starting service [Catalina]
Jul 27, 2023 7:40:52 AM org.apache.catalina.core.StandardEngine startInternal
INFO: Starting Servlet Engine: Apache Tomcat/7.0.105
Jul 27, 2023 7:40:53 AM org.apache.catalina.startup.HostConfig deployWAR
INFO: Deploying web application archive [/home/ubuntu/mavenweb/tomcat7/webapps/mavenweb.war]
Jul 27, 2023 7:40:53 AM org.apache.catalina.startup.HostConfig deployWAR
INFO: Deployment of web application archive [/home/ubuntu/mavenweb/tomcat7/webapps/mavenweb.war] has finished in [796] ms
Jul 27, 2023 7:40:53 AM org.apache.catalina.startup.HostConfig deployDirectory
INFO: Deploying web application directory [/home/ubuntu/mavenweb/tomcat7/webapps/examples]
Jul 27, 2023 7:40:54 AM org.apache.catalina.startup.HostConfig deployDirectory
INFO: Deployment of web application directory [/home/ubuntu/mavenweb/tomcat7/webapps/examples] has finished in [576] ms
Jul 27, 2023 7:40:54 AM org.apache.catalina.startup.HostConfig deployDirectory
INFO: Deploying web application directory [/home/ubuntu/mavenweb/tomcat7/webapps/host-manager]
Jul 27, 2023 7:40:54 AM org.apache.catalina.startup.HostConfig deployDirectory
INFO: Deployment of web application directory [/home/ubuntu/mavenweb/tomcat7/webapps/host-manager] has finished in [126] ms
Jul 27, 2023 7:40:54 AM org.apache.catalina.startup.HostConfig deployDirectory
INFO: Deploying web application directory [/home/ubuntu/mavenweb/tomcat7/webapps/ROOT]
Jul 27, 2023 7:40:54 AM org.apache.catalina.startup.HostConfig deployDirectory
INFO: Deployment of web application directory [/home/ubuntu/mavenweb/tomcat7/webapps/ROOT] has finished in [90] ms
Jul 27, 2023 7:40:54 AM org.apache.catalina.startup.HostConfig deployDirectory
INFO: Deploying web application directory [/home/ubuntu/mavenweb/tomcat7/webapps/docs]
Jul 27, 2023 7:40:54 AM org.apache.catalina.startup.HostConfig deployDirectory
INFO: Deployment of web application directory [/home/ubuntu/mavenweb/tomcat7/webapps/docs] has finished in [90] ms
Jul 27, 2023 7:40:54 AM org.apache.catalina.startup.HostConfig deployDirectory
INFO: Deploying web application directory [/home/ubuntu/mavenweb/tomcat7/webapps/manager]
Jul 27, 2023 7:40:54 AM org.apache.catalina.startup.HostConfig deployDirectory
INFO: Deployment of web application directory [/home/ubuntu/mavenweb/tomcat7/webapps/manager] has finished in [137] ms
Jul 27, 2023 7:40:54 AM org.apache.coyote.AbstractProtocol start
INFO: Starting ProtocolHandler ["http-bio-6677"]
Jul 27, 2023 7:40:54 AM org.apache.catalina.startup.Catalina start
INFO: Server startup in 2119 ms
