NOTE: Picked up JDK_JAVA_OPTIONS:  --add-opens=java.base/java.lang=ALL-UNNAMED --add-opens=java.base/java.io=ALL-UNNAMED --add-opens=java.rmi/sun.rmi.transport=ALL-UNNAMED
Jul 26, 2023 11:23:08 AM org.apache.catalina.startup.VersionLoggerListener log
INFO: Server version name:   Apache Tomcat/7.0.105
Jul 26, 2023 11:23:08 AM org.apache.catalina.startup.VersionLoggerListener log
INFO: Server built:          Jul 2 2020 12:25:26 UTC
Jul 26, 2023 11:23:08 AM org.apache.catalina.startup.VersionLoggerListener log
INFO: Server version number: 7.0.105.0
Jul 26, 2023 11:23:08 AM org.apache.catalina.startup.VersionLoggerListener log
INFO: OS Name:               Linux
Jul 26, 2023 11:23:08 AM org.apache.catalina.startup.VersionLoggerListener log
INFO: OS Version:            5.19.0-1025-aws
Jul 26, 2023 11:23:08 AM org.apache.catalina.startup.VersionLoggerListener log
INFO: Architecture:          amd64
Jul 26, 2023 11:23:08 AM org.apache.catalina.startup.VersionLoggerListener log
INFO: Java Home:             /usr/lib/jvm/java-11-openjdk-amd64
Jul 26, 2023 11:23:08 AM org.apache.catalina.startup.VersionLoggerListener log
INFO: JVM Version:           11.0.19+7-post-Ubuntu-0ubuntu122.04.1
Jul 26, 2023 11:23:08 AM org.apache.catalina.startup.VersionLoggerListener log
INFO: JVM Vendor:            Ubuntu
Jul 26, 2023 11:23:08 AM org.apache.catalina.startup.VersionLoggerListener log
INFO: CATALINA_BASE:         /home/ubuntu/mavenweb/tomcat7
Jul 26, 2023 11:23:08 AM org.apache.catalina.startup.VersionLoggerListener log
INFO: CATALINA_HOME:         /home/ubuntu/mavenweb/tomcat7
Jul 26, 2023 11:23:08 AM org.apache.catalina.startup.VersionLoggerListener log
INFO: Command line argument: --add-opens=java.base/java.lang=ALL-UNNAMED
Jul 26, 2023 11:23:08 AM org.apache.catalina.startup.VersionLoggerListener log
INFO: Command line argument: --add-opens=java.base/java.io=ALL-UNNAMED
Jul 26, 2023 11:23:08 AM org.apache.catalina.startup.VersionLoggerListener log
INFO: Command line argument: --add-opens=java.rmi/sun.rmi.transport=ALL-UNNAMED
Jul 26, 2023 11:23:08 AM org.apache.catalina.startup.VersionLoggerListener log
INFO: Command line argument: -Djava.util.logging.config.file=/home/ubuntu/mavenweb/tomcat7/conf/logging.properties
Jul 26, 2023 11:23:08 AM org.apache.catalina.startup.VersionLoggerListener log
INFO: Command line argument: -Djava.util.logging.manager=org.apache.juli.ClassLoaderLogManager
Jul 26, 2023 11:23:08 AM org.apache.catalina.startup.VersionLoggerListener log
INFO: Command line argument: -Djdk.tls.ephemeralDHKeySize=2048
Jul 26, 2023 11:23:08 AM org.apache.catalina.startup.VersionLoggerListener log
INFO: Command line argument: -Dorg.apache.catalina.security.SecurityListener.UMASK=0027
Jul 26, 2023 11:23:08 AM org.apache.catalina.startup.VersionLoggerListener log
INFO: Command line argument: -Dignore.endorsed.dirs=
Jul 26, 2023 11:23:08 AM org.apache.catalina.startup.VersionLoggerListener log
INFO: Command line argument: -Dcatalina.base=/home/ubuntu/mavenweb/tomcat7
Jul 26, 2023 11:23:08 AM org.apache.catalina.startup.VersionLoggerListener log
INFO: Command line argument: -Dcatalina.home=/home/ubuntu/mavenweb/tomcat7
Jul 26, 2023 11:23:08 AM org.apache.catalina.startup.VersionLoggerListener log
INFO: Command line argument: -Djava.io.tmpdir=/home/ubuntu/mavenweb/tomcat7/temp
Jul 26, 2023 11:23:08 AM org.apache.catalina.core.AprLifecycleListener lifecycleEvent
INFO: The Apache Tomcat Native library which allows using OpenSSL was not found on the java.library.path: [/usr/java/packages/lib:/usr/lib/x86_64-linux-gnu/jni:/lib/x86_64-linux-gnu:/usr/lib/x86_64-linux-gnu:/usr/lib/jni:/lib:/usr/lib]
Jul 26, 2023 11:23:08 AM org.apache.coyote.AbstractProtocol init
INFO: Initializing ProtocolHandler ["http-bio-8080"]
Jul 26, 2023 11:23:08 AM org.apache.catalina.startup.Catalina load
INFO: Initialization processed in 1722 ms
Jul 26, 2023 11:23:08 AM org.apache.catalina.core.StandardService startInternal
INFO: Starting service [Catalina]
Jul 26, 2023 11:23:08 AM org.apache.catalina.core.StandardEngine startInternal
INFO: Starting Servlet Engine: Apache Tomcat/7.0.105
Jul 26, 2023 11:23:08 AM org.apache.catalina.startup.HostConfig deployDirectory
INFO: Deploying web application directory [/home/ubuntu/mavenweb/tomcat7/webapps/examples]
Jul 26, 2023 11:23:09 AM org.apache.catalina.startup.HostConfig deployDirectory
INFO: Deployment of web application directory [/home/ubuntu/mavenweb/tomcat7/webapps/examples] has finished in [1,019] ms
Jul 26, 2023 11:23:09 AM org.apache.catalina.startup.HostConfig deployDirectory
INFO: Deploying web application directory [/home/ubuntu/mavenweb/tomcat7/webapps/host-manager]
Jul 26, 2023 11:23:09 AM org.apache.catalina.startup.HostConfig deployDirectory
INFO: Deployment of web application directory [/home/ubuntu/mavenweb/tomcat7/webapps/host-manager] has finished in [130] ms
Jul 26, 2023 11:23:09 AM org.apache.catalina.startup.HostConfig deployDirectory
INFO: Deploying web application directory [/home/ubuntu/mavenweb/tomcat7/webapps/ROOT]
Jul 26, 2023 11:23:09 AM org.apache.catalina.startup.HostConfig deployDirectory
INFO: Deployment of web application directory [/home/ubuntu/mavenweb/tomcat7/webapps/ROOT] has finished in [94] ms
Jul 26, 2023 11:23:09 AM org.apache.catalina.startup.HostConfig deployDirectory
INFO: Deploying web application directory [/home/ubuntu/mavenweb/tomcat7/webapps/docs]
Jul 26, 2023 11:23:10 AM org.apache.catalina.startup.HostConfig deployDirectory
INFO: Deployment of web application directory [/home/ubuntu/mavenweb/tomcat7/webapps/docs] has finished in [91] ms
Jul 26, 2023 11:23:10 AM org.apache.catalina.startup.HostConfig deployDirectory
INFO: Deploying web application directory [/home/ubuntu/mavenweb/tomcat7/webapps/manager]
Jul 26, 2023 11:23:10 AM org.apache.catalina.startup.HostConfig deployDirectory
INFO: Deployment of web application directory [/home/ubuntu/mavenweb/tomcat7/webapps/manager] has finished in [96] ms
Jul 26, 2023 11:23:10 AM org.apache.coyote.AbstractProtocol start
INFO: Starting ProtocolHandler ["http-bio-8080"]
Jul 26, 2023 11:23:10 AM org.apache.catalina.startup.Catalina start
INFO: Server startup in 1660 ms
Jul 26, 2023 11:27:34 AM org.apache.catalina.core.StandardServer await
INFO: A valid shutdown command was received via the shutdown port. Stopping the Server instance.
Jul 26, 2023 11:27:34 AM org.apache.coyote.AbstractProtocol pause
INFO: Pausing ProtocolHandler ["http-bio-8080"]
Jul 26, 2023 11:27:34 AM org.apache.catalina.core.StandardService stopInternal
INFO: Stopping service [Catalina]
Jul 26, 2023 11:27:35 AM org.apache.catalina.loader.WebappClassLoaderBase clearReferencesObjectStreamClassCaches
WARNING: Failed to clear soft references from ObjectStreamClass$Caches for web application []
java.lang.ClassCastException: class java.io.ObjectStreamClass$Caches$1 cannot be cast to class java.util.Map (java.io.ObjectStreamClass$Caches$1 and java.util.Map are in module java.base of loader 'bootstrap')
	at org.apache.catalina.loader.WebappClassLoaderBase.clearCache(WebappClassLoaderBase.java:3102)
	at org.apache.catalina.loader.WebappClassLoaderBase.clearReferencesObjectStreamClassCaches(WebappClassLoaderBase.java:3073)
	at org.apache.catalina.loader.WebappClassLoaderBase.clearReferences(WebappClassLoaderBase.java:2290)
	at org.apache.catalina.loader.WebappClassLoaderBase.stop(WebappClassLoaderBase.java:2183)
	at org.apache.catalina.loader.WebappLoader.stopInternal(WebappLoader.java:690)
	at org.apache.catalina.util.LifecycleBase.stop(LifecycleBase.java:257)
	at org.apache.catalina.core.StandardContext.stopInternal(StandardContext.java:5910)
	at org.apache.catalina.util.LifecycleBase.stop(LifecycleBase.java:257)
	at org.apache.catalina.core.ContainerBase$StopChild.call(ContainerBase.java:1705)
	at org.apache.catalina.core.ContainerBase$StopChild.call(ContainerBase.java:1694)
	at java.base/java.util.concurrent.FutureTask.run(FutureTask.java:264)
	at java.base/java.util.concurrent.ThreadPoolExecutor.runWorker(ThreadPoolExecutor.java:1128)
	at java.base/java.util.concurrent.ThreadPoolExecutor$Worker.run(ThreadPoolExecutor.java:628)
	at java.base/java.lang.Thread.run(Thread.java:829)

Jul 26, 2023 11:27:35 AM org.apache.catalina.loader.WebappClassLoaderBase clearReferencesObjectStreamClassCaches
WARNING: Failed to clear soft references from ObjectStreamClass$Caches for web application [/examples]
java.lang.ClassCastException: class java.io.ObjectStreamClass$Caches$1 cannot be cast to class java.util.Map (java.io.ObjectStreamClass$Caches$1 and java.util.Map are in module java.base of loader 'bootstrap')
	at org.apache.catalina.loader.WebappClassLoaderBase.clearCache(WebappClassLoaderBase.java:3102)
	at org.apache.catalina.loader.WebappClassLoaderBase.clearReferencesObjectStreamClassCaches(WebappClassLoaderBase.java:3073)
	at org.apache.catalina.loader.WebappClassLoaderBase.clearReferences(WebappClassLoaderBase.java:2290)
	at org.apache.catalina.loader.WebappClassLoaderBase.stop(WebappClassLoaderBase.java:2183)
	at org.apache.catalina.loader.WebappLoader.stopInternal(WebappLoader.java:690)
	at org.apache.catalina.util.LifecycleBase.stop(LifecycleBase.java:257)
	at org.apache.catalina.core.StandardContext.stopInternal(StandardContext.java:5910)
	at org.apache.catalina.util.LifecycleBase.stop(LifecycleBase.java:257)
	at org.apache.catalina.core.ContainerBase$StopChild.call(ContainerBase.java:1705)
	at org.apache.catalina.core.ContainerBase$StopChild.call(ContainerBase.java:1694)
	at java.base/java.util.concurrent.FutureTask.run(FutureTask.java:264)
	at java.base/java.util.concurrent.ThreadPoolExecutor.runWorker(ThreadPoolExecutor.java:1128)
	at java.base/java.util.concurrent.ThreadPoolExecutor$Worker.run(ThreadPoolExecutor.java:628)
	at java.base/java.lang.Thread.run(Thread.java:829)

Jul 26, 2023 11:27:35 AM org.apache.catalina.loader.WebappClassLoaderBase clearReferencesObjectStreamClassCaches
WARNING: Failed to clear soft references from ObjectStreamClass$Caches for web application [/host-manager]
java.lang.ClassCastException: class java.io.ObjectStreamClass$Caches$1 cannot be cast to class java.util.Map (java.io.ObjectStreamClass$Caches$1 and java.util.Map are in module java.base of loader 'bootstrap')
	at org.apache.catalina.loader.WebappClassLoaderBase.clearCache(WebappClassLoaderBase.java:3102)
	at org.apache.catalina.loader.WebappClassLoaderBase.clearReferencesObjectStreamClassCaches(WebappClassLoaderBase.java:3073)
	at org.apache.catalina.loader.WebappClassLoaderBase.clearReferences(WebappClassLoaderBase.java:2290)
	at org.apache.catalina.loader.WebappClassLoaderBase.stop(WebappClassLoaderBase.java:2183)
	at org.apache.catalina.loader.WebappLoader.stopInternal(WebappLoader.java:690)
	at org.apache.catalina.util.LifecycleBase.stop(LifecycleBase.java:257)
	at org.apache.catalina.core.StandardContext.stopInternal(StandardContext.java:5910)
	at org.apache.catalina.util.LifecycleBase.stop(LifecycleBase.java:257)
	at org.apache.catalina.core.ContainerBase$StopChild.call(ContainerBase.java:1705)
	at org.apache.catalina.core.ContainerBase$StopChild.call(ContainerBase.java:1694)
	at java.base/java.util.concurrent.FutureTask.run(FutureTask.java:264)
	at java.base/java.util.concurrent.ThreadPoolExecutor.runWorker(ThreadPoolExecutor.java:1128)
	at java.base/java.util.concurrent.ThreadPoolExecutor$Worker.run(ThreadPoolExecutor.java:628)
	at java.base/java.lang.Thread.run(Thread.java:829)

Jul 26, 2023 11:27:35 AM org.apache.catalina.loader.WebappClassLoaderBase clearReferencesObjectStreamClassCaches
WARNING: Failed to clear soft references from ObjectStreamClass$Caches for web application [/manager]
java.lang.ClassCastException: class java.io.ObjectStreamClass$Caches$1 cannot be cast to class java.util.Map (java.io.ObjectStreamClass$Caches$1 and java.util.Map are in module java.base of loader 'bootstrap')
	at org.apache.catalina.loader.WebappClassLoaderBase.clearCache(WebappClassLoaderBase.java:3102)
	at org.apache.catalina.loader.WebappClassLoaderBase.clearReferencesObjectStreamClassCaches(WebappClassLoaderBase.java:3073)
	at org.apache.catalina.loader.WebappClassLoaderBase.clearReferences(WebappClassLoaderBase.java:2290)
	at org.apache.catalina.loader.WebappClassLoaderBase.stop(WebappClassLoaderBase.java:2183)
	at org.apache.catalina.loader.WebappLoader.stopInternal(WebappLoader.java:690)
	at org.apache.catalina.util.LifecycleBase.stop(LifecycleBase.java:257)
	at org.apache.catalina.core.StandardContext.stopInternal(StandardContext.java:5910)
	at org.apache.catalina.util.LifecycleBase.stop(LifecycleBase.java:257)
	at org.apache.catalina.core.ContainerBase$StopChild.call(ContainerBase.java:1705)
	at org.apache.catalina.core.ContainerBase$StopChild.call(ContainerBase.java:1694)
	at java.base/java.util.concurrent.FutureTask.run(FutureTask.java:264)
	at java.base/java.util.concurrent.ThreadPoolExecutor.runWorker(ThreadPoolExecutor.java:1128)
	at java.base/java.util.concurrent.ThreadPoolExecutor$Worker.run(ThreadPoolExecutor.java:628)
	at java.base/java.lang.Thread.run(Thread.java:829)

Jul 26, 2023 11:27:35 AM org.apache.catalina.loader.WebappClassLoaderBase clearReferencesObjectStreamClassCaches
WARNING: Failed to clear soft references from ObjectStreamClass$Caches for web application [/docs]
java.lang.ClassCastException: class java.io.ObjectStreamClass$Caches$1 cannot be cast to class java.util.Map (java.io.ObjectStreamClass$Caches$1 and java.util.Map are in module java.base of loader 'bootstrap')
	at org.apache.catalina.loader.WebappClassLoaderBase.clearCache(WebappClassLoaderBase.java:3102)
	at org.apache.catalina.loader.WebappClassLoaderBase.clearReferencesObjectStreamClassCaches(WebappClassLoaderBase.java:3073)
	at org.apache.catalina.loader.WebappClassLoaderBase.clearReferences(WebappClassLoaderBase.java:2290)
	at org.apache.catalina.loader.WebappClassLoaderBase.stop(WebappClassLoaderBase.java:2183)
	at org.apache.catalina.loader.WebappLoader.stopInternal(WebappLoader.java:690)
	at org.apache.catalina.util.LifecycleBase.stop(LifecycleBase.java:257)
	at org.apache.catalina.core.StandardContext.stopInternal(StandardContext.java:5910)
	at org.apache.catalina.util.LifecycleBase.stop(LifecycleBase.java:257)
	at org.apache.catalina.core.ContainerBase$StopChild.call(ContainerBase.java:1705)
	at org.apache.catalina.core.ContainerBase$StopChild.call(ContainerBase.java:1694)
	at java.base/java.util.concurrent.FutureTask.run(FutureTask.java:264)
	at java.base/java.util.concurrent.ThreadPoolExecutor.runWorker(ThreadPoolExecutor.java:1128)
	at java.base/java.util.concurrent.ThreadPoolExecutor$Worker.run(ThreadPoolExecutor.java:628)
	at java.base/java.lang.Thread.run(Thread.java:829)

Jul 26, 2023 11:27:35 AM org.apache.coyote.AbstractProtocol stop
INFO: Stopping ProtocolHandler ["http-bio-8080"]
Jul 26, 2023 11:27:35 AM org.apache.coyote.AbstractProtocol destroy
INFO: Destroying ProtocolHandler ["http-bio-8080"]
NOTE: Picked up JDK_JAVA_OPTIONS:  --add-opens=java.base/java.lang=ALL-UNNAMED --add-opens=java.base/java.io=ALL-UNNAMED --add-opens=java.rmi/sun.rmi.transport=ALL-UNNAMED
Jul 26, 2023 11:27:45 AM org.apache.catalina.startup.VersionLoggerListener log
INFO: Server version name:   Apache Tomcat/7.0.105
Jul 26, 2023 11:27:45 AM org.apache.catalina.startup.VersionLoggerListener log
INFO: Server built:          Jul 2 2020 12:25:26 UTC
Jul 26, 2023 11:27:45 AM org.apache.catalina.startup.VersionLoggerListener log
INFO: Server version number: 7.0.105.0
Jul 26, 2023 11:27:45 AM org.apache.catalina.startup.VersionLoggerListener log
INFO: OS Name:               Linux
Jul 26, 2023 11:27:46 AM org.apache.catalina.startup.VersionLoggerListener log
INFO: OS Version:            5.19.0-1025-aws
Jul 26, 2023 11:27:46 AM org.apache.catalina.startup.VersionLoggerListener log
INFO: Architecture:          amd64
Jul 26, 2023 11:27:46 AM org.apache.catalina.startup.VersionLoggerListener log
INFO: Java Home:             /usr/lib/jvm/java-11-openjdk-amd64
Jul 26, 2023 11:27:46 AM org.apache.catalina.startup.VersionLoggerListener log
INFO: JVM Version:           11.0.19+7-post-Ubuntu-0ubuntu122.04.1
Jul 26, 2023 11:27:46 AM org.apache.catalina.startup.VersionLoggerListener log
INFO: JVM Vendor:            Ubuntu
Jul 26, 2023 11:27:46 AM org.apache.catalina.startup.VersionLoggerListener log
INFO: CATALINA_BASE:         /home/ubuntu/mavenweb/tomcat7
Jul 26, 2023 11:27:46 AM org.apache.catalina.startup.VersionLoggerListener log
INFO: CATALINA_HOME:         /home/ubuntu/mavenweb/tomcat7
Jul 26, 2023 11:27:46 AM org.apache.catalina.startup.VersionLoggerListener log
INFO: Command line argument: --add-opens=java.base/java.lang=ALL-UNNAMED
Jul 26, 2023 11:27:46 AM org.apache.catalina.startup.VersionLoggerListener log
INFO: Command line argument: --add-opens=java.base/java.io=ALL-UNNAMED
Jul 26, 2023 11:27:46 AM org.apache.catalina.startup.VersionLoggerListener log
INFO: Command line argument: --add-opens=java.rmi/sun.rmi.transport=ALL-UNNAMED
Jul 26, 2023 11:27:46 AM org.apache.catalina.startup.VersionLoggerListener log
INFO: Command line argument: -Djava.util.logging.config.file=/home/ubuntu/mavenweb/tomcat7/conf/logging.properties
Jul 26, 2023 11:27:46 AM org.apache.catalina.startup.VersionLoggerListener log
INFO: Command line argument: -Djava.util.logging.manager=org.apache.juli.ClassLoaderLogManager
Jul 26, 2023 11:27:46 AM org.apache.catalina.startup.VersionLoggerListener log
INFO: Command line argument: -Djdk.tls.ephemeralDHKeySize=2048
Jul 26, 2023 11:27:46 AM org.apache.catalina.startup.VersionLoggerListener log
INFO: Command line argument: -Dorg.apache.catalina.security.SecurityListener.UMASK=0027
Jul 26, 2023 11:27:46 AM org.apache.catalina.startup.VersionLoggerListener log
INFO: Command line argument: -Dignore.endorsed.dirs=
Jul 26, 2023 11:27:46 AM org.apache.catalina.startup.VersionLoggerListener log
INFO: Command line argument: -Dcatalina.base=/home/ubuntu/mavenweb/tomcat7
Jul 26, 2023 11:27:46 AM org.apache.catalina.startup.VersionLoggerListener log
INFO: Command line argument: -Dcatalina.home=/home/ubuntu/mavenweb/tomcat7
Jul 26, 2023 11:27:46 AM org.apache.catalina.startup.VersionLoggerListener log
INFO: Command line argument: -Djava.io.tmpdir=/home/ubuntu/mavenweb/tomcat7/temp
Jul 26, 2023 11:27:46 AM org.apache.catalina.core.AprLifecycleListener lifecycleEvent
INFO: The Apache Tomcat Native library which allows using OpenSSL was not found on the java.library.path: [/usr/java/packages/lib:/usr/lib/x86_64-linux-gnu/jni:/lib/x86_64-linux-gnu:/usr/lib/x86_64-linux-gnu:/usr/lib/jni:/lib:/usr/lib]
Jul 26, 2023 11:27:46 AM org.apache.coyote.AbstractProtocol init
INFO: Initializing ProtocolHandler ["http-bio-8080"]
Jul 26, 2023 11:27:46 AM org.apache.catalina.startup.Catalina load
INFO: Initialization processed in 1473 ms
Jul 26, 2023 11:27:46 AM org.apache.catalina.core.StandardService startInternal
INFO: Starting service [Catalina]
Jul 26, 2023 11:27:46 AM org.apache.catalina.core.StandardEngine startInternal
INFO: Starting Servlet Engine: Apache Tomcat/7.0.105
Jul 26, 2023 11:27:46 AM org.apache.catalina.startup.HostConfig deployDirectory
INFO: Deploying web application directory [/home/ubuntu/mavenweb/tomcat7/webapps/examples]
Jul 26, 2023 11:27:47 AM org.apache.catalina.startup.HostConfig deployDirectory
INFO: Deployment of web application directory [/home/ubuntu/mavenweb/tomcat7/webapps/examples] has finished in [971] ms
Jul 26, 2023 11:27:47 AM org.apache.catalina.startup.HostConfig deployDirectory
INFO: Deploying web application directory [/home/ubuntu/mavenweb/tomcat7/webapps/host-manager]
Jul 26, 2023 11:27:47 AM org.apache.catalina.startup.HostConfig deployDirectory
INFO: Deployment of web application directory [/home/ubuntu/mavenweb/tomcat7/webapps/host-manager] has finished in [113] ms
Jul 26, 2023 11:27:47 AM org.apache.catalina.startup.HostConfig deployDirectory
INFO: Deploying web application directory [/home/ubuntu/mavenweb/tomcat7/webapps/ROOT]
Jul 26, 2023 11:27:47 AM org.apache.catalina.startup.HostConfig deployDirectory
INFO: Deployment of web application directory [/home/ubuntu/mavenweb/tomcat7/webapps/ROOT] has finished in [93] ms
Jul 26, 2023 11:27:47 AM org.apache.catalina.startup.HostConfig deployDirectory
INFO: Deploying web application directory [/home/ubuntu/mavenweb/tomcat7/webapps/docs]
Jul 26, 2023 11:27:47 AM org.apache.catalina.startup.HostConfig deployDirectory
INFO: Deployment of web application directory [/home/ubuntu/mavenweb/tomcat7/webapps/docs] has finished in [85] ms
Jul 26, 2023 11:27:47 AM org.apache.catalina.startup.HostConfig deployDirectory
INFO: Deploying web application directory [/home/ubuntu/mavenweb/tomcat7/webapps/manager]
Jul 26, 2023 11:27:47 AM org.apache.catalina.startup.HostConfig deployDirectory
INFO: Deployment of web application directory [/home/ubuntu/mavenweb/tomcat7/webapps/manager] has finished in [90] ms
Jul 26, 2023 11:27:47 AM org.apache.coyote.AbstractProtocol start
INFO: Starting ProtocolHandler ["http-bio-8080"]
Jul 26, 2023 11:27:47 AM org.apache.catalina.startup.Catalina start
INFO: Server startup in 1589 ms
Jul 26, 2023 11:29:38 AM org.apache.catalina.core.StandardServer await
INFO: A valid shutdown command was received via the shutdown port. Stopping the Server instance.
Jul 26, 2023 11:29:38 AM org.apache.coyote.AbstractProtocol pause
INFO: Pausing ProtocolHandler ["http-bio-8080"]
Jul 26, 2023 11:29:38 AM org.apache.catalina.core.StandardService stopInternal
INFO: Stopping service [Catalina]
Jul 26, 2023 11:29:38 AM org.apache.catalina.loader.WebappClassLoaderBase clearReferencesObjectStreamClassCaches
WARNING: Failed to clear soft references from ObjectStreamClass$Caches for web application []
java.lang.ClassCastException: class java.io.ObjectStreamClass$Caches$1 cannot be cast to class java.util.Map (java.io.ObjectStreamClass$Caches$1 and java.util.Map are in module java.base of loader 'bootstrap')
	at org.apache.catalina.loader.WebappClassLoaderBase.clearCache(WebappClassLoaderBase.java:3102)
	at org.apache.catalina.loader.WebappClassLoaderBase.clearReferencesObjectStreamClassCaches(WebappClassLoaderBase.java:3073)
	at org.apache.catalina.loader.WebappClassLoaderBase.clearReferences(WebappClassLoaderBase.java:2290)
	at org.apache.catalina.loader.WebappClassLoaderBase.stop(WebappClassLoaderBase.java:2183)
	at org.apache.catalina.loader.WebappLoader.stopInternal(WebappLoader.java:690)
	at org.apache.catalina.util.LifecycleBase.stop(LifecycleBase.java:257)
	at org.apache.catalina.core.StandardContext.stopInternal(StandardContext.java:5910)
	at org.apache.catalina.util.LifecycleBase.stop(LifecycleBase.java:257)
	at org.apache.catalina.core.ContainerBase$StopChild.call(ContainerBase.java:1705)
	at org.apache.catalina.core.ContainerBase$StopChild.call(ContainerBase.java:1694)
	at java.base/java.util.concurrent.FutureTask.run(FutureTask.java:264)
	at java.base/java.util.concurrent.ThreadPoolExecutor.runWorker(ThreadPoolExecutor.java:1128)
	at java.base/java.util.concurrent.ThreadPoolExecutor$Worker.run(ThreadPoolExecutor.java:628)
	at java.base/java.lang.Thread.run(Thread.java:829)

Jul 26, 2023 11:29:38 AM org.apache.catalina.loader.WebappClassLoaderBase clearReferencesObjectStreamClassCaches
WARNING: Failed to clear soft references from ObjectStreamClass$Caches for web application [/examples]
java.lang.ClassCastException: class java.io.ObjectStreamClass$Caches$1 cannot be cast to class java.util.Map (java.io.ObjectStreamClass$Caches$1 and java.util.Map are in module java.base of loader 'bootstrap')
	at org.apache.catalina.loader.WebappClassLoaderBase.clearCache(WebappClassLoaderBase.java:3102)
	at org.apache.catalina.loader.WebappClassLoaderBase.clearReferencesObjectStreamClassCaches(WebappClassLoaderBase.java:3073)
	at org.apache.catalina.loader.WebappClassLoaderBase.clearReferences(WebappClassLoaderBase.java:2290)
	at org.apache.catalina.loader.WebappClassLoaderBase.stop(WebappClassLoaderBase.java:2183)
	at org.apache.catalina.loader.WebappLoader.stopInternal(WebappLoader.java:690)
	at org.apache.catalina.util.LifecycleBase.stop(LifecycleBase.java:257)
	at org.apache.catalina.core.StandardContext.stopInternal(StandardContext.java:5910)
	at org.apache.catalina.util.LifecycleBase.stop(LifecycleBase.java:257)
	at org.apache.catalina.core.ContainerBase$StopChild.call(ContainerBase.java:1705)
	at org.apache.catalina.core.ContainerBase$StopChild.call(ContainerBase.java:1694)
	at java.base/java.util.concurrent.FutureTask.run(FutureTask.java:264)
	at java.base/java.util.concurrent.ThreadPoolExecutor.runWorker(ThreadPoolExecutor.java:1128)
	at java.base/java.util.concurrent.ThreadPoolExecutor$Worker.run(ThreadPoolExecutor.java:628)
	at java.base/java.lang.Thread.run(Thread.java:829)

Jul 26, 2023 11:29:38 AM org.apache.catalina.loader.WebappClassLoaderBase clearReferencesObjectStreamClassCaches
WARNING: Failed to clear soft references from ObjectStreamClass$Caches for web application [/host-manager]
java.lang.ClassCastException: class java.io.ObjectStreamClass$Caches$1 cannot be cast to class java.util.Map (java.io.ObjectStreamClass$Caches$1 and java.util.Map are in module java.base of loader 'bootstrap')
	at org.apache.catalina.loader.WebappClassLoaderBase.clearCache(WebappClassLoaderBase.java:3102)
	at org.apache.catalina.loader.WebappClassLoaderBase.clearReferencesObjectStreamClassCaches(WebappClassLoaderBase.java:3073)
	at org.apache.catalina.loader.WebappClassLoaderBase.clearReferences(WebappClassLoaderBase.java:2290)
	at org.apache.catalina.loader.WebappClassLoaderBase.stop(WebappClassLoaderBase.java:2183)
	at org.apache.catalina.loader.WebappLoader.stopInternal(WebappLoader.java:690)
	at org.apache.catalina.util.LifecycleBase.stop(LifecycleBase.java:257)
	at org.apache.catalina.core.StandardContext.stopInternal(StandardContext.java:5910)
	at org.apache.catalina.util.LifecycleBase.stop(LifecycleBase.java:257)
	at org.apache.catalina.core.ContainerBase$StopChild.call(ContainerBase.java:1705)
	at org.apache.catalina.core.ContainerBase$StopChild.call(ContainerBase.java:1694)
	at java.base/java.util.concurrent.FutureTask.run(FutureTask.java:264)
	at java.base/java.util.concurrent.ThreadPoolExecutor.runWorker(ThreadPoolExecutor.java:1128)
	at java.base/java.util.concurrent.ThreadPoolExecutor$Worker.run(ThreadPoolExecutor.java:628)
	at java.base/java.lang.Thread.run(Thread.java:829)

Jul 26, 2023 11:29:38 AM org.apache.catalina.loader.WebappClassLoaderBase clearReferencesObjectStreamClassCaches
WARNING: Failed to clear soft references from ObjectStreamClass$Caches for web application [/manager]
java.lang.ClassCastException: class java.io.ObjectStreamClass$Caches$1 cannot be cast to class java.util.Map (java.io.ObjectStreamClass$Caches$1 and java.util.Map are in module java.base of loader 'bootstrap')
	at org.apache.catalina.loader.WebappClassLoaderBase.clearCache(WebappClassLoaderBase.java:3102)
	at org.apache.catalina.loader.WebappClassLoaderBase.clearReferencesObjectStreamClassCaches(WebappClassLoaderBase.java:3073)
	at org.apache.catalina.loader.WebappClassLoaderBase.clearReferences(WebappClassLoaderBase.java:2290)
	at org.apache.catalina.loader.WebappClassLoaderBase.stop(WebappClassLoaderBase.java:2183)
	at org.apache.catalina.loader.WebappLoader.stopInternal(WebappLoader.java:690)
	at org.apache.catalina.util.LifecycleBase.stop(LifecycleBase.java:257)
	at org.apache.catalina.core.StandardContext.stopInternal(StandardContext.java:5910)
	at org.apache.catalina.util.LifecycleBase.stop(LifecycleBase.java:257)
	at org.apache.catalina.core.ContainerBase$StopChild.call(ContainerBase.java:1705)
	at org.apache.catalina.core.ContainerBase$StopChild.call(ContainerBase.java:1694)
	at java.base/java.util.concurrent.FutureTask.run(FutureTask.java:264)
	at java.base/java.util.concurrent.ThreadPoolExecutor.runWorker(ThreadPoolExecutor.java:1128)
	at java.base/java.util.concurrent.ThreadPoolExecutor$Worker.run(ThreadPoolExecutor.java:628)
	at java.base/java.lang.Thread.run(Thread.java:829)

Jul 26, 2023 11:29:38 AM org.apache.catalina.loader.WebappClassLoaderBase clearReferencesObjectStreamClassCaches
WARNING: Failed to clear soft references from ObjectStreamClass$Caches for web application [/docs]
java.lang.ClassCastException: class java.io.ObjectStreamClass$Caches$1 cannot be cast to class java.util.Map (java.io.ObjectStreamClass$Caches$1 and java.util.Map are in module java.base of loader 'bootstrap')
	at org.apache.catalina.loader.WebappClassLoaderBase.clearCache(WebappClassLoaderBase.java:3102)
	at org.apache.catalina.loader.WebappClassLoaderBase.clearReferencesObjectStreamClassCaches(WebappClassLoaderBase.java:3073)
	at org.apache.catalina.loader.WebappClassLoaderBase.clearReferences(WebappClassLoaderBase.java:2290)
	at org.apache.catalina.loader.WebappClassLoaderBase.stop(WebappClassLoaderBase.java:2183)
	at org.apache.catalina.loader.WebappLoader.stopInternal(WebappLoader.java:690)
	at org.apache.catalina.util.LifecycleBase.stop(LifecycleBase.java:257)
	at org.apache.catalina.core.StandardContext.stopInternal(StandardContext.java:5910)
	at org.apache.catalina.util.LifecycleBase.stop(LifecycleBase.java:257)
	at org.apache.catalina.core.ContainerBase$StopChild.call(ContainerBase.java:1705)
	at org.apache.catalina.core.ContainerBase$StopChild.call(ContainerBase.java:1694)
	at java.base/java.util.concurrent.FutureTask.run(FutureTask.java:264)
	at java.base/java.util.concurrent.ThreadPoolExecutor.runWorker(ThreadPoolExecutor.java:1128)
	at java.base/java.util.concurrent.ThreadPoolExecutor$Worker.run(ThreadPoolExecutor.java:628)
	at java.base/java.lang.Thread.run(Thread.java:829)

Jul 26, 2023 11:29:38 AM org.apache.coyote.AbstractProtocol stop
INFO: Stopping ProtocolHandler ["http-bio-8080"]
Jul 26, 2023 11:29:38 AM org.apache.coyote.AbstractProtocol destroy
INFO: Destroying ProtocolHandler ["http-bio-8080"]
NOTE: Picked up JDK_JAVA_OPTIONS:  --add-opens=java.base/java.lang=ALL-UNNAMED --add-opens=java.base/java.io=ALL-UNNAMED --add-opens=java.rmi/sun.rmi.transport=ALL-UNNAMED
Jul 26, 2023 11:29:49 AM org.apache.catalina.startup.VersionLoggerListener log
INFO: Server version name:   Apache Tomcat/7.0.105
Jul 26, 2023 11:29:49 AM org.apache.catalina.startup.VersionLoggerListener log
INFO: Server built:          Jul 2 2020 12:25:26 UTC
Jul 26, 2023 11:29:49 AM org.apache.catalina.startup.VersionLoggerListener log
INFO: Server version number: 7.0.105.0
Jul 26, 2023 11:29:49 AM org.apache.catalina.startup.VersionLoggerListener log
INFO: OS Name:               Linux
Jul 26, 2023 11:29:49 AM org.apache.catalina.startup.VersionLoggerListener log
INFO: OS Version:            5.19.0-1025-aws
Jul 26, 2023 11:29:49 AM org.apache.catalina.startup.VersionLoggerListener log
INFO: Architecture:          amd64
Jul 26, 2023 11:29:49 AM org.apache.catalina.startup.VersionLoggerListener log
INFO: Java Home:             /usr/lib/jvm/java-11-openjdk-amd64
Jul 26, 2023 11:29:49 AM org.apache.catalina.startup.VersionLoggerListener log
INFO: JVM Version:           11.0.19+7-post-Ubuntu-0ubuntu122.04.1
Jul 26, 2023 11:29:49 AM org.apache.catalina.startup.VersionLoggerListener log
INFO: JVM Vendor:            Ubuntu
Jul 26, 2023 11:29:49 AM org.apache.catalina.startup.VersionLoggerListener log
INFO: CATALINA_BASE:         /home/ubuntu/mavenweb/tomcat7
Jul 26, 2023 11:29:49 AM org.apache.catalina.startup.VersionLoggerListener log
INFO: CATALINA_HOME:         /home/ubuntu/mavenweb/tomcat7
Jul 26, 2023 11:29:49 AM org.apache.catalina.startup.VersionLoggerListener log
INFO: Command line argument: --add-opens=java.base/java.lang=ALL-UNNAMED
Jul 26, 2023 11:29:49 AM org.apache.catalina.startup.VersionLoggerListener log
INFO: Command line argument: --add-opens=java.base/java.io=ALL-UNNAMED
Jul 26, 2023 11:29:49 AM org.apache.catalina.startup.VersionLoggerListener log
INFO: Command line argument: --add-opens=java.rmi/sun.rmi.transport=ALL-UNNAMED
Jul 26, 2023 11:29:49 AM org.apache.catalina.startup.VersionLoggerListener log
INFO: Command line argument: -Djava.util.logging.config.file=/home/ubuntu/mavenweb/tomcat7/conf/logging.properties
Jul 26, 2023 11:29:49 AM org.apache.catalina.startup.VersionLoggerListener log
INFO: Command line argument: -Djava.util.logging.manager=org.apache.juli.ClassLoaderLogManager
Jul 26, 2023 11:29:49 AM org.apache.catalina.startup.VersionLoggerListener log
INFO: Command line argument: -Djdk.tls.ephemeralDHKeySize=2048
Jul 26, 2023 11:29:49 AM org.apache.catalina.startup.VersionLoggerListener log
INFO: Command line argument: -Dorg.apache.catalina.security.SecurityListener.UMASK=0027
Jul 26, 2023 11:29:49 AM org.apache.catalina.startup.VersionLoggerListener log
INFO: Command line argument: -Dignore.endorsed.dirs=
Jul 26, 2023 11:29:49 AM org.apache.catalina.startup.VersionLoggerListener log
INFO: Command line argument: -Dcatalina.base=/home/ubuntu/mavenweb/tomcat7
Jul 26, 2023 11:29:49 AM org.apache.catalina.startup.VersionLoggerListener log
INFO: Command line argument: -Dcatalina.home=/home/ubuntu/mavenweb/tomcat7
Jul 26, 2023 11:29:49 AM org.apache.catalina.startup.VersionLoggerListener log
INFO: Command line argument: -Djava.io.tmpdir=/home/ubuntu/mavenweb/tomcat7/temp
Jul 26, 2023 11:29:49 AM org.apache.catalina.core.AprLifecycleListener lifecycleEvent
INFO: The Apache Tomcat Native library which allows using OpenSSL was not found on the java.library.path: [/usr/java/packages/lib:/usr/lib/x86_64-linux-gnu/jni:/lib/x86_64-linux-gnu:/usr/lib/x86_64-linux-gnu:/usr/lib/jni:/lib:/usr/lib]
Jul 26, 2023 11:29:49 AM org.apache.coyote.AbstractProtocol init
INFO: Initializing ProtocolHandler ["http-bio-8080"]
Jul 26, 2023 11:29:49 AM org.apache.catalina.startup.Catalina load
INFO: Initialization processed in 1467 ms
Jul 26, 2023 11:29:49 AM org.apache.catalina.core.StandardService startInternal
INFO: Starting service [Catalina]
Jul 26, 2023 11:29:49 AM org.apache.catalina.core.StandardEngine startInternal
INFO: Starting Servlet Engine: Apache Tomcat/7.0.105
Jul 26, 2023 11:29:49 AM org.apache.catalina.startup.HostConfig deployDirectory
INFO: Deploying web application directory [/home/ubuntu/mavenweb/tomcat7/webapps/examples]
Jul 26, 2023 11:29:50 AM org.apache.catalina.startup.HostConfig deployDirectory
INFO: Deployment of web application directory [/home/ubuntu/mavenweb/tomcat7/webapps/examples] has finished in [967] ms
Jul 26, 2023 11:29:50 AM org.apache.catalina.startup.HostConfig deployDirectory
INFO: Deploying web application directory [/home/ubuntu/mavenweb/tomcat7/webapps/host-manager]
Jul 26, 2023 11:29:50 AM org.apache.catalina.startup.HostConfig deployDirectory
INFO: Deployment of web application directory [/home/ubuntu/mavenweb/tomcat7/webapps/host-manager] has finished in [129] ms
Jul 26, 2023 11:29:50 AM org.apache.catalina.startup.HostConfig deployDirectory
INFO: Deploying web application directory [/home/ubuntu/mavenweb/tomcat7/webapps/ROOT]
Jul 26, 2023 11:29:50 AM org.apache.catalina.startup.HostConfig deployDirectory
INFO: Deployment of web application directory [/home/ubuntu/mavenweb/tomcat7/webapps/ROOT] has finished in [90] ms
Jul 26, 2023 11:29:50 AM org.apache.catalina.startup.HostConfig deployDirectory
INFO: Deploying web application directory [/home/ubuntu/mavenweb/tomcat7/webapps/docs]
Jul 26, 2023 11:29:50 AM org.apache.catalina.startup.HostConfig deployDirectory
INFO: Deployment of web application directory [/home/ubuntu/mavenweb/tomcat7/webapps/docs] has finished in [79] ms
Jul 26, 2023 11:29:50 AM org.apache.catalina.startup.HostConfig deployDirectory
INFO: Deploying web application directory [/home/ubuntu/mavenweb/tomcat7/webapps/manager]
Jul 26, 2023 11:29:50 AM org.apache.catalina.startup.HostConfig deployDirectory
INFO: Deployment of web application directory [/home/ubuntu/mavenweb/tomcat7/webapps/manager] has finished in [128] ms
Jul 26, 2023 11:29:50 AM org.apache.coyote.AbstractProtocol start
INFO: Starting ProtocolHandler ["http-bio-8080"]
Jul 26, 2023 11:29:50 AM org.apache.catalina.startup.Catalina start
INFO: Server startup in 1615 ms
Jul 26, 2023 11:34:40 AM org.apache.catalina.startup.HostConfig deployWAR
INFO: Deploying web application archive [/home/ubuntu/mavenweb/tomcat7/webapps/mavenweb.war]
Jul 26, 2023 11:34:41 AM org.apache.catalina.startup.HostConfig deployWAR
INFO: Deployment of web application archive [/home/ubuntu/mavenweb/tomcat7/webapps/mavenweb.war] has finished in [118] ms
Jul 26, 2023 11:44:41 AM org.apache.catalina.startup.HostConfig undeploy
INFO: Undeploying context [/mavenweb]
Jul 26, 2023 11:44:41 AM org.apache.catalina.loader.WebappClassLoaderBase clearReferencesObjectStreamClassCaches
WARNING: Failed to clear soft references from ObjectStreamClass$Caches for web application [/mavenweb]
java.lang.ClassCastException: class java.io.ObjectStreamClass$Caches$1 cannot be cast to class java.util.Map (java.io.ObjectStreamClass$Caches$1 and java.util.Map are in module java.base of loader 'bootstrap')
	at org.apache.catalina.loader.WebappClassLoaderBase.clearCache(WebappClassLoaderBase.java:3102)
	at org.apache.catalina.loader.WebappClassLoaderBase.clearReferencesObjectStreamClassCaches(WebappClassLoaderBase.java:3073)
	at org.apache.catalina.loader.WebappClassLoaderBase.clearReferences(WebappClassLoaderBase.java:2290)
	at org.apache.catalina.loader.WebappClassLoaderBase.stop(WebappClassLoaderBase.java:2183)
	at org.apache.catalina.loader.WebappLoader.stopInternal(WebappLoader.java:690)
	at org.apache.catalina.util.LifecycleBase.stop(LifecycleBase.java:257)
	at org.apache.catalina.core.StandardContext.stopInternal(StandardContext.java:5910)
	at org.apache.catalina.util.LifecycleBase.stop(LifecycleBase.java:257)
	at org.apache.catalina.core.ContainerBase.removeChild(ContainerBase.java:1122)
	at org.apache.catalina.startup.HostConfig.undeploy(HostConfig.java:1597)
	at org.apache.catalina.startup.HostConfig.checkResources(HostConfig.java:1524)
	at org.apache.catalina.startup.HostConfig.check(HostConfig.java:1783)
	at org.apache.catalina.startup.HostConfig.lifecycleEvent(HostConfig.java:366)
	at org.apache.catalina.util.LifecycleBase.fireLifecycleEvent(LifecycleBase.java:123)
	at org.apache.catalina.core.ContainerBase.backgroundProcess(ContainerBase.java:1491)
	at org.apache.catalina.core.ContainerBase$ContainerBackgroundProcessor.processChildren(ContainerBase.java:1660)
	at org.apache.catalina.core.ContainerBase$ContainerBackgroundProcessor.processChildren(ContainerBase.java:1670)
	at org.apache.catalina.core.ContainerBase$ContainerBackgroundProcessor.run(ContainerBase.java:1638)
	at java.base/java.lang.Thread.run(Thread.java:829)

Jul 26, 2023 11:45:01 AM org.apache.catalina.startup.HostConfig deployWAR
INFO: Deploying web application archive [/home/ubuntu/mavenweb/tomcat7/webapps/mavenweb.war]
Jul 26, 2023 11:45:01 AM org.apache.catalina.startup.HostConfig deployWAR
INFO: Deployment of web application archive [/home/ubuntu/mavenweb/tomcat7/webapps/mavenweb.war] has finished in [80] ms
Jul 26, 2023 12:04:56 PM org.apache.catalina.core.StandardServer await
INFO: A valid shutdown command was received via the shutdown port. Stopping the Server instance.
Jul 26, 2023 12:04:56 PM org.apache.coyote.AbstractProtocol pause
INFO: Pausing ProtocolHandler ["http-bio-8080"]
Jul 26, 2023 12:04:56 PM org.apache.catalina.core.StandardService stopInternal
INFO: Stopping service [Catalina]
Jul 26, 2023 12:04:56 PM org.apache.catalina.loader.WebappClassLoaderBase clearReferencesObjectStreamClassCaches
WARNING: Failed to clear soft references from ObjectStreamClass$Caches for web application []
java.lang.ClassCastException: class java.io.ObjectStreamClass$Caches$1 cannot be cast to class java.util.Map (java.io.ObjectStreamClass$Caches$1 and java.util.Map are in module java.base of loader 'bootstrap')
	at org.apache.catalina.loader.WebappClassLoaderBase.clearCache(WebappClassLoaderBase.java:3102)
	at org.apache.catalina.loader.WebappClassLoaderBase.clearReferencesObjectStreamClassCaches(WebappClassLoaderBase.java:3073)
	at org.apache.catalina.loader.WebappClassLoaderBase.clearReferences(WebappClassLoaderBase.java:2290)
	at org.apache.catalina.loader.WebappClassLoaderBase.stop(WebappClassLoaderBase.java:2183)
	at org.apache.catalina.loader.WebappLoader.stopInternal(WebappLoader.java:690)
	at org.apache.catalina.util.LifecycleBase.stop(LifecycleBase.java:257)
	at org.apache.catalina.core.StandardContext.stopInternal(StandardContext.java:5910)
	at org.apache.catalina.util.LifecycleBase.stop(LifecycleBase.java:257)
	at org.apache.catalina.core.ContainerBase$StopChild.call(ContainerBase.java:1705)
	at org.apache.catalina.core.ContainerBase$StopChild.call(ContainerBase.java:1694)
	at java.base/java.util.concurrent.FutureTask.run(FutureTask.java:264)
	at java.base/java.util.concurrent.ThreadPoolExecutor.runWorker(ThreadPoolExecutor.java:1128)
	at java.base/java.util.concurrent.ThreadPoolExecutor$Worker.run(ThreadPoolExecutor.java:628)
	at java.base/java.lang.Thread.run(Thread.java:829)

Jul 26, 2023 12:04:56 PM org.apache.catalina.loader.WebappClassLoaderBase clearReferencesObjectStreamClassCaches
WARNING: Failed to clear soft references from ObjectStreamClass$Caches for web application [/mavenweb]
java.lang.ClassCastException: class java.io.ObjectStreamClass$Caches$1 cannot be cast to class java.util.Map (java.io.ObjectStreamClass$Caches$1 and java.util.Map are in module java.base of loader 'bootstrap')
	at org.apache.catalina.loader.WebappClassLoaderBase.clearCache(WebappClassLoaderBase.java:3102)
	at org.apache.catalina.loader.WebappClassLoaderBase.clearReferencesObjectStreamClassCaches(WebappClassLoaderBase.java:3073)
	at org.apache.catalina.loader.WebappClassLoaderBase.clearReferences(WebappClassLoaderBase.java:2290)
	at org.apache.catalina.loader.WebappClassLoaderBase.stop(WebappClassLoaderBase.java:2183)
	at org.apache.catalina.loader.WebappLoader.stopInternal(WebappLoader.java:690)
	at org.apache.catalina.util.LifecycleBase.stop(LifecycleBase.java:257)
	at org.apache.catalina.core.StandardContext.stopInternal(StandardContext.java:5910)
	at org.apache.catalina.util.LifecycleBase.stop(LifecycleBase.java:257)
	at org.apache.catalina.core.ContainerBase$StopChild.call(ContainerBase.java:1705)
	at org.apache.catalina.core.ContainerBase$StopChild.call(ContainerBase.java:1694)
	at java.base/java.util.concurrent.FutureTask.run(FutureTask.java:264)
	at java.base/java.util.concurrent.ThreadPoolExecutor.runWorker(ThreadPoolExecutor.java:1128)
	at java.base/java.util.concurrent.ThreadPoolExecutor$Worker.run(ThreadPoolExecutor.java:628)
	at java.base/java.lang.Thread.run(Thread.java:829)

Jul 26, 2023 12:04:56 PM org.apache.catalina.loader.WebappClassLoaderBase clearReferencesObjectStreamClassCaches
WARNING: Failed to clear soft references from ObjectStreamClass$Caches for web application [/examples]
java.lang.ClassCastException: class java.io.ObjectStreamClass$Caches$1 cannot be cast to class java.util.Map (java.io.ObjectStreamClass$Caches$1 and java.util.Map are in module java.base of loader 'bootstrap')
	at org.apache.catalina.loader.WebappClassLoaderBase.clearCache(WebappClassLoaderBase.java:3102)
	at org.apache.catalina.loader.WebappClassLoaderBase.clearReferencesObjectStreamClassCaches(WebappClassLoaderBase.java:3073)
	at org.apache.catalina.loader.WebappClassLoaderBase.clearReferences(WebappClassLoaderBase.java:2290)
	at org.apache.catalina.loader.WebappClassLoaderBase.stop(WebappClassLoaderBase.java:2183)
	at org.apache.catalina.loader.WebappLoader.stopInternal(WebappLoader.java:690)
	at org.apache.catalina.util.LifecycleBase.stop(LifecycleBase.java:257)
	at org.apache.catalina.core.StandardContext.stopInternal(StandardContext.java:5910)
	at org.apache.catalina.util.LifecycleBase.stop(LifecycleBase.java:257)
	at org.apache.catalina.core.ContainerBase$StopChild.call(ContainerBase.java:1705)
	at org.apache.catalina.core.ContainerBase$StopChild.call(ContainerBase.java:1694)
	at java.base/java.util.concurrent.FutureTask.run(FutureTask.java:264)
	at java.base/java.util.concurrent.ThreadPoolExecutor.runWorker(ThreadPoolExecutor.java:1128)
	at java.base/java.util.concurrent.ThreadPoolExecutor$Worker.run(ThreadPoolExecutor.java:628)
	at java.base/java.lang.Thread.run(Thread.java:829)

Jul 26, 2023 12:04:56 PM org.apache.catalina.loader.WebappClassLoaderBase clearReferencesObjectStreamClassCaches
WARNING: Failed to clear soft references from ObjectStreamClass$Caches for web application [/host-manager]
java.lang.ClassCastException: class java.io.ObjectStreamClass$Caches$1 cannot be cast to class java.util.Map (java.io.ObjectStreamClass$Caches$1 and java.util.Map are in module java.base of loader 'bootstrap')
	at org.apache.catalina.loader.WebappClassLoaderBase.clearCache(WebappClassLoaderBase.java:3102)
	at org.apache.catalina.loader.WebappClassLoaderBase.clearReferencesObjectStreamClassCaches(WebappClassLoaderBase.java:3073)
	at org.apache.catalina.loader.WebappClassLoaderBase.clearReferences(WebappClassLoaderBase.java:2290)
	at org.apache.catalina.loader.WebappClassLoaderBase.stop(WebappClassLoaderBase.java:2183)
	at org.apache.catalina.loader.WebappLoader.stopInternal(WebappLoader.java:690)
	at org.apache.catalina.util.LifecycleBase.stop(LifecycleBase.java:257)
	at org.apache.catalina.core.StandardContext.stopInternal(StandardContext.java:5910)
	at org.apache.catalina.util.LifecycleBase.stop(LifecycleBase.java:257)
	at org.apache.catalina.core.ContainerBase$StopChild.call(ContainerBase.java:1705)
	at org.apache.catalina.core.ContainerBase$StopChild.call(ContainerBase.java:1694)
	at java.base/java.util.concurrent.FutureTask.run(FutureTask.java:264)
	at java.base/java.util.concurrent.ThreadPoolExecutor.runWorker(ThreadPoolExecutor.java:1128)
	at java.base/java.util.concurrent.ThreadPoolExecutor$Worker.run(ThreadPoolExecutor.java:628)
	at java.base/java.lang.Thread.run(Thread.java:829)

Jul 26, 2023 12:04:56 PM org.apache.catalina.loader.WebappClassLoaderBase clearReferencesObjectStreamClassCaches
WARNING: Failed to clear soft references from ObjectStreamClass$Caches for web application [/manager]
java.lang.ClassCastException: class java.io.ObjectStreamClass$Caches$1 cannot be cast to class java.util.Map (java.io.ObjectStreamClass$Caches$1 and java.util.Map are in module java.base of loader 'bootstrap')
	at org.apache.catalina.loader.WebappClassLoaderBase.clearCache(WebappClassLoaderBase.java:3102)
	at org.apache.catalina.loader.WebappClassLoaderBase.clearReferencesObjectStreamClassCaches(WebappClassLoaderBase.java:3073)
	at org.apache.catalina.loader.WebappClassLoaderBase.clearReferences(WebappClassLoaderBase.java:2290)
	at org.apache.catalina.loader.WebappClassLoaderBase.stop(WebappClassLoaderBase.java:2183)
	at org.apache.catalina.loader.WebappLoader.stopInternal(WebappLoader.java:690)
	at org.apache.catalina.util.LifecycleBase.stop(LifecycleBase.java:257)
	at org.apache.catalina.core.StandardContext.stopInternal(StandardContext.java:5910)
	at org.apache.catalina.util.LifecycleBase.stop(LifecycleBase.java:257)
	at org.apache.catalina.core.ContainerBase$StopChild.call(ContainerBase.java:1705)
	at org.apache.catalina.core.ContainerBase$StopChild.call(ContainerBase.java:1694)
	at java.base/java.util.concurrent.FutureTask.run(FutureTask.java:264)
	at java.base/java.util.concurrent.ThreadPoolExecutor.runWorker(ThreadPoolExecutor.java:1128)
	at java.base/java.util.concurrent.ThreadPoolExecutor$Worker.run(ThreadPoolExecutor.java:628)
	at java.base/java.lang.Thread.run(Thread.java:829)

Jul 26, 2023 12:04:56 PM org.apache.catalina.loader.WebappClassLoaderBase clearReferencesObjectStreamClassCaches
WARNING: Failed to clear soft references from ObjectStreamClass$Caches for web application [/docs]
java.lang.ClassCastException: class java.io.ObjectStreamClass$Caches$1 cannot be cast to class java.util.Map (java.io.ObjectStreamClass$Caches$1 and java.util.Map are in module java.base of loader 'bootstrap')
	at org.apache.catalina.loader.WebappClassLoaderBase.clearCache(WebappClassLoaderBase.java:3102)
	at org.apache.catalina.loader.WebappClassLoaderBase.clearReferencesObjectStreamClassCaches(WebappClassLoaderBase.java:3073)
	at org.apache.catalina.loader.WebappClassLoaderBase.clearReferences(WebappClassLoaderBase.java:2290)
	at org.apache.catalina.loader.WebappClassLoaderBase.stop(WebappClassLoaderBase.java:2183)
	at org.apache.catalina.loader.WebappLoader.stopInternal(WebappLoader.java:690)
	at org.apache.catalina.util.LifecycleBase.stop(LifecycleBase.java:257)
	at org.apache.catalina.core.StandardContext.stopInternal(StandardContext.java:5910)
	at org.apache.catalina.util.LifecycleBase.stop(LifecycleBase.java:257)
	at org.apache.catalina.core.ContainerBase$StopChild.call(ContainerBase.java:1705)
	at org.apache.catalina.core.ContainerBase$StopChild.call(ContainerBase.java:1694)
	at java.base/java.util.concurrent.FutureTask.run(FutureTask.java:264)
	at java.base/java.util.concurrent.ThreadPoolExecutor.runWorker(ThreadPoolExecutor.java:1128)
	at java.base/java.util.concurrent.ThreadPoolExecutor$Worker.run(ThreadPoolExecutor.java:628)
	at java.base/java.lang.Thread.run(Thread.java:829)

Jul 26, 2023 12:04:56 PM org.apache.coyote.AbstractProtocol stop
INFO: Stopping ProtocolHandler ["http-bio-8080"]
Jul 26, 2023 12:04:56 PM org.apache.coyote.AbstractProtocol destroy
INFO: Destroying ProtocolHandler ["http-bio-8080"]
NOTE: Picked up JDK_JAVA_OPTIONS:  --add-opens=java.base/java.lang=ALL-UNNAMED --add-opens=java.base/java.io=ALL-UNNAMED --add-opens=java.rmi/sun.rmi.transport=ALL-UNNAMED
Jul 26, 2023 12:05:01 PM org.apache.catalina.startup.VersionLoggerListener log
INFO: Server version name:   Apache Tomcat/7.0.105
Jul 26, 2023 12:05:01 PM org.apache.catalina.startup.VersionLoggerListener log
INFO: Server built:          Jul 2 2020 12:25:26 UTC
Jul 26, 2023 12:05:01 PM org.apache.catalina.startup.VersionLoggerListener log
INFO: Server version number: 7.0.105.0
Jul 26, 2023 12:05:01 PM org.apache.catalina.startup.VersionLoggerListener log
INFO: OS Name:               Linux
Jul 26, 2023 12:05:01 PM org.apache.catalina.startup.VersionLoggerListener log
INFO: OS Version:            5.19.0-1025-aws
Jul 26, 2023 12:05:01 PM org.apache.catalina.startup.VersionLoggerListener log
INFO: Architecture:          amd64
Jul 26, 2023 12:05:01 PM org.apache.catalina.startup.VersionLoggerListener log
INFO: Java Home:             /usr/lib/jvm/java-11-openjdk-amd64
Jul 26, 2023 12:05:01 PM org.apache.catalina.startup.VersionLoggerListener log
INFO: JVM Version:           11.0.19+7-post-Ubuntu-0ubuntu122.04.1
Jul 26, 2023 12:05:01 PM org.apache.catalina.startup.VersionLoggerListener log
INFO: JVM Vendor:            Ubuntu
Jul 26, 2023 12:05:01 PM org.apache.catalina.startup.VersionLoggerListener log
INFO: CATALINA_BASE:         /home/ubuntu/mavenweb/tomcat7
Jul 26, 2023 12:05:01 PM org.apache.catalina.startup.VersionLoggerListener log
INFO: CATALINA_HOME:         /home/ubuntu/mavenweb/tomcat7
Jul 26, 2023 12:05:01 PM org.apache.catalina.startup.VersionLoggerListener log
INFO: Command line argument: --add-opens=java.base/java.lang=ALL-UNNAMED
Jul 26, 2023 12:05:01 PM org.apache.catalina.startup.VersionLoggerListener log
INFO: Command line argument: --add-opens=java.base/java.io=ALL-UNNAMED
Jul 26, 2023 12:05:01 PM org.apache.catalina.startup.VersionLoggerListener log
INFO: Command line argument: --add-opens=java.rmi/sun.rmi.transport=ALL-UNNAMED
Jul 26, 2023 12:05:01 PM org.apache.catalina.startup.VersionLoggerListener log
INFO: Command line argument: -Djava.util.logging.config.file=/home/ubuntu/mavenweb/tomcat7/conf/logging.properties
Jul 26, 2023 12:05:01 PM org.apache.catalina.startup.VersionLoggerListener log
INFO: Command line argument: -Djava.util.logging.manager=org.apache.juli.ClassLoaderLogManager
Jul 26, 2023 12:05:01 PM org.apache.catalina.startup.VersionLoggerListener log
INFO: Command line argument: -Djdk.tls.ephemeralDHKeySize=2048
Jul 26, 2023 12:05:01 PM org.apache.catalina.startup.VersionLoggerListener log
INFO: Command line argument: -Dorg.apache.catalina.security.SecurityListener.UMASK=0027
Jul 26, 2023 12:05:01 PM org.apache.catalina.startup.VersionLoggerListener log
INFO: Command line argument: -Dignore.endorsed.dirs=
Jul 26, 2023 12:05:01 PM org.apache.catalina.startup.VersionLoggerListener log
INFO: Command line argument: -Dcatalina.base=/home/ubuntu/mavenweb/tomcat7
Jul 26, 2023 12:05:01 PM org.apache.catalina.startup.VersionLoggerListener log
INFO: Command line argument: -Dcatalina.home=/home/ubuntu/mavenweb/tomcat7
Jul 26, 2023 12:05:01 PM org.apache.catalina.startup.VersionLoggerListener log
INFO: Command line argument: -Djava.io.tmpdir=/home/ubuntu/mavenweb/tomcat7/temp
Jul 26, 2023 12:05:01 PM org.apache.catalina.core.AprLifecycleListener lifecycleEvent
INFO: The Apache Tomcat Native library which allows using OpenSSL was not found on the java.library.path: [/usr/java/packages/lib:/usr/lib/x86_64-linux-gnu/jni:/lib/x86_64-linux-gnu:/usr/lib/x86_64-linux-gnu:/usr/lib/jni:/lib:/usr/lib]
Jul 26, 2023 12:05:01 PM org.apache.coyote.AbstractProtocol init
INFO: Initializing ProtocolHandler ["http-bio-6677"]
Jul 26, 2023 12:05:01 PM org.apache.catalina.startup.Catalina load
INFO: Initialization processed in 1477 ms
Jul 26, 2023 12:05:01 PM org.apache.catalina.core.StandardService startInternal
INFO: Starting service [Catalina]
Jul 26, 2023 12:05:01 PM org.apache.catalina.core.StandardEngine startInternal
INFO: Starting Servlet Engine: Apache Tomcat/7.0.105
Jul 26, 2023 12:05:01 PM org.apache.catalina.startup.HostConfig deployWAR
INFO: Deploying web application archive [/home/ubuntu/mavenweb/tomcat7/webapps/mavenweb.war]
Jul 26, 2023 12:05:02 PM org.apache.catalina.startup.HostConfig deployWAR
INFO: Deployment of web application archive [/home/ubuntu/mavenweb/tomcat7/webapps/mavenweb.war] has finished in [679] ms
Jul 26, 2023 12:05:02 PM org.apache.catalina.startup.HostConfig deployDirectory
INFO: Deploying web application directory [/home/ubuntu/mavenweb/tomcat7/webapps/examples]
Jul 26, 2023 12:05:02 PM org.apache.catalina.startup.HostConfig deployDirectory
INFO: Deployment of web application directory [/home/ubuntu/mavenweb/tomcat7/webapps/examples] has finished in [443] ms
Jul 26, 2023 12:05:02 PM org.apache.catalina.startup.HostConfig deployDirectory
INFO: Deploying web application directory [/home/ubuntu/mavenweb/tomcat7/webapps/host-manager]
Jul 26, 2023 12:05:02 PM org.apache.catalina.startup.HostConfig deployDirectory
INFO: Deployment of web application directory [/home/ubuntu/mavenweb/tomcat7/webapps/host-manager] has finished in [113] ms
Jul 26, 2023 12:05:02 PM org.apache.catalina.startup.HostConfig deployDirectory
INFO: Deploying web application directory [/home/ubuntu/mavenweb/tomcat7/webapps/ROOT]
Jul 26, 2023 12:05:02 PM org.apache.catalina.startup.HostConfig deployDirectory
INFO: Deployment of web application directory [/home/ubuntu/mavenweb/tomcat7/webapps/ROOT] has finished in [74] ms
Jul 26, 2023 12:05:02 PM org.apache.catalina.startup.HostConfig deployDirectory
INFO: Deploying web application directory [/home/ubuntu/mavenweb/tomcat7/webapps/docs]
Jul 26, 2023 12:05:02 PM org.apache.catalina.startup.HostConfig deployDirectory
INFO: Deployment of web application directory [/home/ubuntu/mavenweb/tomcat7/webapps/docs] has finished in [82] ms
Jul 26, 2023 12:05:02 PM org.apache.catalina.startup.HostConfig deployDirectory
INFO: Deploying web application directory [/home/ubuntu/mavenweb/tomcat7/webapps/manager]
Jul 26, 2023 12:05:02 PM org.apache.catalina.startup.HostConfig deployDirectory
INFO: Deployment of web application directory [/home/ubuntu/mavenweb/tomcat7/webapps/manager] has finished in [95] ms
Jul 26, 2023 12:05:02 PM org.apache.coyote.AbstractProtocol start
INFO: Starting ProtocolHandler ["http-bio-6677"]
Jul 26, 2023 12:05:02 PM org.apache.catalina.startup.Catalina start
INFO: Server startup in 1727 ms
