Jul 26, 2023 11:23:09 AM org.apache.catalina.core.ApplicationContext log
INFO: ContextListener: contextInitialized()
Jul 26, 2023 11:23:09 AM org.apache.catalina.core.ApplicationContext log
INFO: SessionListener: contextInitialized()
Jul 26, 2023 11:23:09 AM org.apache.catalina.core.ApplicationContext log
INFO: ContextListener: attributeAdded('StockTicker', 'async.Stockticker@78fd7f17')
Jul 26, 2023 11:23:09 AM org.apache.catalina.core.ApplicationContext log
INFO: ContextListener: attributeAdded('org.apache.jasper.compiler.TldLocationsCache', 'org.apache.jasper.compiler.TldLocationsCache@2c5989ff')
Jul 26, 2023 11:27:35 AM org.apache.catalina.core.ApplicationContext log
INFO: SessionListener: contextDestroyed()
Jul 26, 2023 11:27:35 AM org.apache.catalina.core.ApplicationContext log
INFO: ContextListener: contextDestroyed()
Jul 26, 2023 11:27:47 AM org.apache.catalina.core.ApplicationContext log
INFO: ContextListener: contextInitialized()
Jul 26, 2023 11:27:47 AM org.apache.catalina.core.ApplicationContext log
INFO: SessionListener: contextInitialized()
Jul 26, 2023 11:27:47 AM org.apache.catalina.core.ApplicationContext log
INFO: ContextListener: attributeAdded('StockTicker', 'async.Stockticker@59ed66d2')
Jul 26, 2023 11:27:47 AM org.apache.catalina.core.ApplicationContext log
INFO: ContextListener: attributeAdded('org.apache.jasper.compiler.TldLocationsCache', 'org.apache.jasper.compiler.TldLocationsCache@538580c1')
Jul 26, 2023 11:29:38 AM org.apache.catalina.core.ApplicationContext log
INFO: SessionListener: contextDestroyed()
Jul 26, 2023 11:29:38 AM org.apache.catalina.core.ApplicationContext log
INFO: ContextListener: contextDestroyed()
Jul 26, 2023 11:29:50 AM org.apache.catalina.core.ApplicationContext log
INFO: ContextListener: contextInitialized()
Jul 26, 2023 11:29:50 AM org.apache.catalina.core.ApplicationContext log
INFO: SessionListener: contextInitialized()
Jul 26, 2023 11:29:50 AM org.apache.catalina.core.ApplicationContext log
INFO: ContextListener: attributeAdded('StockTicker', 'async.Stockticker@634a2a24')
Jul 26, 2023 11:29:50 AM org.apache.catalina.core.ApplicationContext log
INFO: ContextListener: attributeAdded('org.apache.jasper.compiler.TldLocationsCache', 'org.apache.jasper.compiler.TldLocationsCache@7efba74c')
